C:\GitM\Win7\Release\cl.command.1.tlog
C:\GitM\Win7\Release\CL.read.1.tlog
C:\GitM\Win7\Release\CL.write.1.tlog
C:\GITM\WIN7\RELEASE\CORE.OBJ
C:\GITM\WIN7\RELEASE\ENTITY.OBJ
C:\GITM\WIN7\RELEASE\GAMESTATE.OBJ
C:\GITM\WIN7\RELEASE\GHOSTCORE.OBJ
C:\GITM\WIN7\RELEASE\GITM.EXE
C:\GITM\WIN7\RELEASE\GITM.EXE.INTERMEDIATE.MANIFEST
C:\GITM\WIN7\RELEASE\GITM.PDB
C:\GitM\Win7\Release\link.command.1.tlog
C:\GitM\Win7\Release\link.read.1.tlog
C:\GitM\Win7\Release\link.write.1.tlog
C:\GITM\WIN7\RELEASE\LOADINGSTATE.OBJ
C:\GITM\WIN7\RELEASE\LOG.OBJ
C:\GITM\WIN7\RELEASE\MAIN.OBJ
C:\GitM\Win7\Release\mt.command.1.tlog
C:\GitM\Win7\Release\mt.read.1.tlog
C:\GitM\Win7\Release\mt.write.1.tlog
C:\GITM\WIN7\RELEASE\PARENTSTATE.OBJ
C:\GITM\WIN7\RELEASE\PLAYER.OBJ
C:\GITM\WIN7\RELEASE\PLAYINGSTATE.OBJ
C:\GITM\WIN7\RELEASE\QUADTREESCENEMANAGER.OBJ
C:\GITM\WIN7\RELEASE\RENDERABLE.OBJ
C:\GITM\WIN7\RELEASE\RENDERCONTEXT.OBJ
C:\GITM\WIN7\RELEASE\RENDERQUEUE.OBJ
C:\GITM\WIN7\RELEASE\SCENEMANAGER.OBJ
C:\GITM\WIN7\RELEASE\SCENENODE.OBJ
C:\GITM\WIN7\RELEASE\STATE.OBJ
C:\GITM\WIN7\RELEASE\VC100.PDB
C:\GITM\WIN7\RELEASE\VECTOR.OBJ
C:\GITM\WIN7\RELEASE\WORLD.OBJ
