Build started 9/21/2011 7:09:11 PM.
     1>Project "C:\GitM\Win7\GitM.vcxproj" on node 2 (build target(s)).
     1>InitializeBuildStatus:
         Creating "Debug\GitM.unsuccessfulbuild" because "AlwaysCreate" was specified.
       ClCompile:
         C:\Program Files\Microsoft Visual Studio 10.0\VC\bin\CL.exe /c /IC:\GitM /ZI /nologo /W3 /WX- /Od /Oy- /D _MBCS /Gm /EHsc /RTC1 /MDd /GS /fp:precise /Zc:wchar_t /Zc:forScope /Fo"Debug\\" /Fd"Debug\vc100.pdb" /Gd /TP /analyze- /errorReport:prompt ..\Engine\Core.cpp ..\Engine\State.cpp ..\GitM\GameState.cpp ..\GitM\main.cpp
         main.cpp
     1>c:\gitm\gitm\main.cpp(18): warning C4007: 'WinMain' : must be '__stdcall'
         GameState.cpp
         State.cpp
         Core.cpp
         Generating Code...
       Link:
         C:\Program Files\Microsoft Visual Studio 10.0\VC\bin\link.exe /ERRORREPORT:PROMPT /OUT:"C:\GitM\Win7\Debug\GitM.exe" /NOLOGO kernel32.lib user32.lib gdi32.lib winspool.lib comdlg32.lib advapi32.lib shell32.lib ole32.lib oleaut32.lib uuid.lib odbc32.lib odbccp32.lib /MANIFEST /ManifestFile:"Debug\GitM.exe.intermediate.manifest" /MANIFESTUAC:"level='asInvoker' uiAccess='false'" /DEBUG /PDB:"C:\GitM\Win7\Debug\GitM.pdb" /TLBID:1 /DYNAMICBASE /NXCOMPAT /IMPLIB:"C:\GitM\Win7\Debug\GitM.lib" /MACHINE:X86 Debug\Core.obj
         Debug\State.obj
         Debug\GameState.obj
         Debug\main.obj
         GitM.vcxproj -> C:\GitM\Win7\Debug\GitM.exe
       Manifest:
         C:\Program Files\Microsoft SDKs\Windows\v7.0A\bin\mt.exe /nologo /verbose /outputresource:"C:\GitM\Win7\Debug\GitM.exe;#1" /manifest Debug\GitM.exe.intermediate.manifest
       FinalizeBuildStatus:
         Deleting file "Debug\GitM.unsuccessfulbuild".
         Touching "Debug\GitM.lastbuildstate".
     1>Done Building Project "C:\GitM\Win7\GitM.vcxproj" (build target(s)).

Build succeeded.

Time Elapsed 00:00:00.61
