C:\GitM\Win7\Debug\cl.command.1.tlog
C:\GitM\Win7\Debug\CL.read.1.tlog
C:\GitM\Win7\Debug\CL.write.1.tlog
C:\GITM\WIN7\DEBUG\CORE.OBJ
C:\GITM\WIN7\DEBUG\ENTITY.OBJ
C:\GITM\WIN7\DEBUG\GAMESTATE.OBJ
C:\GITM\WIN7\DEBUG\GITM.EXE
C:\GITM\WIN7\DEBUG\GITM.EXE.INTERMEDIATE.MANIFEST
C:\GITM\WIN7\DEBUG\GITM.ILK
C:\GITM\WIN7\DEBUG\GITM.PDB
C:\GitM\Win7\Debug\link.command.1.tlog
C:\GitM\Win7\Debug\link.read.1.tlog
C:\GitM\Win7\Debug\link.write.1.tlog
C:\GITM\WIN7\DEBUG\MAIN.OBJ
C:\GitM\Win7\Debug\mt.command.1.tlog
C:\GitM\Win7\Debug\mt.read.1.tlog
C:\GitM\Win7\Debug\mt.write.1.tlog
C:\GITM\WIN7\DEBUG\PARENTSTATE.OBJ
C:\GITM\WIN7\DEBUG\PLAYER.OBJ
C:\GITM\WIN7\DEBUG\QUADTREESCENEMANAGER.OBJ
C:\GITM\WIN7\DEBUG\RENDERCONTEXT.OBJ
C:\GITM\WIN7\DEBUG\SCENEMANAGER.OBJ
C:\GITM\WIN7\DEBUG\SCENENODE.OBJ
C:\GITM\WIN7\DEBUG\STATE.OBJ
C:\GitM\Win7\Debug\vc100.idb
C:\GITM\WIN7\DEBUG\VC100.PDB
C:\GITM\WIN7\DEBUG\VECTOR.OBJ
C:\GITM\WIN7\DEBUG\WORLD.OBJ
