C:\GITM\WIN7\DEBUG\AABB2.OBJ
C:\GITM\WIN7\DEBUG\AABB3.OBJ
C:\GITM\WIN7\DEBUG\B2BLOCKALLOCATOR.OBJ
C:\GITM\WIN7\DEBUG\B2BODY.OBJ
C:\GITM\WIN7\DEBUG\B2BROADPHASE.OBJ
C:\GITM\WIN7\DEBUG\B2CHAINANDCIRCLECONTACT.OBJ
C:\GITM\WIN7\DEBUG\B2CHAINANDPOLYGONCONTACT.OBJ
C:\GITM\WIN7\DEBUG\B2CHAINSHAPE.OBJ
C:\GITM\WIN7\DEBUG\B2CIRCLECONTACT.OBJ
C:\GITM\WIN7\DEBUG\B2CIRCLESHAPE.OBJ
C:\GITM\WIN7\DEBUG\B2COLLIDECIRCLE.OBJ
C:\GITM\WIN7\DEBUG\B2COLLIDEEDGE.OBJ
C:\GITM\WIN7\DEBUG\B2COLLIDEPOLYGON.OBJ
C:\GITM\WIN7\DEBUG\B2COLLISION.OBJ
C:\GITM\WIN7\DEBUG\B2CONTACT.OBJ
C:\GITM\WIN7\DEBUG\B2CONTACTMANAGER.OBJ
C:\GITM\WIN7\DEBUG\B2CONTACTSOLVER.OBJ
C:\GITM\WIN7\DEBUG\B2DISTANCE.OBJ
C:\GITM\WIN7\DEBUG\B2DISTANCEJOINT.OBJ
C:\GITM\WIN7\DEBUG\B2DRAW.OBJ
C:\GITM\WIN7\DEBUG\B2DYNAMICTREE.OBJ
C:\GITM\WIN7\DEBUG\B2EDGEANDCIRCLECONTACT.OBJ
C:\GITM\WIN7\DEBUG\B2EDGEANDPOLYGONCONTACT.OBJ
C:\GITM\WIN7\DEBUG\B2EDGESHAPE.OBJ
C:\GITM\WIN7\DEBUG\B2FIXTURE.OBJ
C:\GITM\WIN7\DEBUG\B2FRICTIONJOINT.OBJ
C:\GITM\WIN7\DEBUG\B2GEARJOINT.OBJ
C:\GITM\WIN7\DEBUG\B2ISLAND.OBJ
C:\GITM\WIN7\DEBUG\B2JOINT.OBJ
C:\GITM\WIN7\DEBUG\B2MATH.OBJ
C:\GITM\WIN7\DEBUG\B2MOUSEJOINT.OBJ
C:\GITM\WIN7\DEBUG\B2POLYGONANDCIRCLECONTACT.OBJ
C:\GITM\WIN7\DEBUG\B2POLYGONCONTACT.OBJ
C:\GITM\WIN7\DEBUG\B2POLYGONSHAPE.OBJ
C:\GITM\WIN7\DEBUG\B2PRISMATICJOINT.OBJ
C:\GITM\WIN7\DEBUG\B2PULLEYJOINT.OBJ
C:\GITM\WIN7\DEBUG\B2REVOLUTEJOINT.OBJ
C:\GITM\WIN7\DEBUG\B2ROPE.OBJ
C:\GITM\WIN7\DEBUG\B2ROPEJOINT.OBJ
C:\GITM\WIN7\DEBUG\B2SETTINGS.OBJ
C:\GITM\WIN7\DEBUG\B2STACKALLOCATOR.OBJ
C:\GITM\WIN7\DEBUG\B2TIMEOFIMPACT.OBJ
C:\GITM\WIN7\DEBUG\B2TIMER.OBJ
C:\GITM\WIN7\DEBUG\B2WELDJOINT.OBJ
C:\GITM\WIN7\DEBUG\B2WHEELJOINT.OBJ
C:\GITM\WIN7\DEBUG\B2WORLD.OBJ
C:\GITM\WIN7\DEBUG\B2WORLDCALLBACKS.OBJ
C:\GITM\WIN7\DEBUG\CAMERA.OBJ
C:\GitM\Win7\Debug\cl.command.1.tlog
C:\GitM\Win7\Debug\CL.read.1.tlog
C:\GitM\Win7\Debug\CL.write.1.tlog
C:\GITM\WIN7\DEBUG\CONTACTLISTENER.OBJ
C:\GITM\WIN7\DEBUG\CONTROLLER.OBJ
C:\GITM\WIN7\DEBUG\CORE.OBJ
C:\GITM\WIN7\DEBUG\ENTITY.OBJ
C:\GITM\WIN7\DEBUG\EVENTHANDLER.OBJ
C:\GITM\WIN7\DEBUG\FILESYSTEM.OBJ
C:\GITM\WIN7\DEBUG\FONT.OBJ
C:\GITM\WIN7\DEBUG\FRUSTUM.OBJ
C:\GITM\WIN7\DEBUG\GAMESTATE.OBJ
C:\GITM\WIN7\DEBUG\ISOCAMERA.OBJ
C:\GITM\WIN7\DEBUG\KEYBOARDLISTENER.OBJ
C:\GitM\Win7\Debug\link.command.1.tlog
C:\GitM\Win7\Debug\link.read.1.tlog
C:\GitM\Win7\Debug\link.write.1.tlog
C:\GITM\WIN7\DEBUG\LOADINGSTATE.OBJ
C:\GITM\WIN7\DEBUG\LOG.OBJ
C:\GITM\WIN7\DEBUG\MAIN.OBJ
C:\GITM\WIN7\DEBUG\MATERIAL.OBJ
C:\GITM\WIN7\DEBUG\MATERIALMANAGER.OBJ
C:\GITM\WIN7\DEBUG\MATRIX4.OBJ
C:\GITM\WIN7\DEBUG\MOB.OBJ
C:\GitM\Win7\Debug\mt.command.1.tlog
C:\GitM\Win7\Debug\mt.read.1.tlog
C:\GitM\Win7\Debug\mt.write.1.tlog
C:\GITM\WIN7\DEBUG\ORTHOCAMERA.OBJ
C:\GITM\WIN7\DEBUG\PARENTSTATE.OBJ
C:\GITM\WIN7\DEBUG\PHYSICSCONTROLLER.OBJ
C:\GITM\WIN7\DEBUG\PHYSICSENGINE.OBJ
C:\GITM\WIN7\DEBUG\PLAYINGSTATE.OBJ
C:\GITM\WIN7\DEBUG\PROPERTYMAP.OBJ
C:\GITM\WIN7\DEBUG\QUADTREESCENEMANAGER.OBJ
C:\GITM\WIN7\DEBUG\RENDERABLE.OBJ
C:\GITM\WIN7\DEBUG\RENDERCONTEXT.OBJ
C:\GITM\WIN7\DEBUG\SCENEMANAGER.OBJ
C:\GITM\WIN7\DEBUG\SCENENODE.OBJ
C:\GITM\WIN7\DEBUG\SIMPLECORE.OBJ
C:\GITM\WIN7\DEBUG\SLUG.EXE
C:\GITM\WIN7\DEBUG\SLUG.EXE.INTERMEDIATE.MANIFEST
C:\GITM\WIN7\DEBUG\SLUG.ILK
C:\GITM\WIN7\DEBUG\SLUG.PDB
C:\GITM\WIN7\DEBUG\SLUGWORLD.OBJ
C:\GITM\WIN7\DEBUG\STARTINGSTATE.OBJ
C:\GITM\WIN7\DEBUG\STATE.OBJ
C:\GITM\WIN7\DEBUG\TERRAIN.OBJ
C:\GITM\WIN7\DEBUG\TEXTURE.OBJ
C:\GITM\WIN7\DEBUG\TEXTUREMANAGER.OBJ
C:\GITM\WIN7\DEBUG\THREADEDRESOURCEMANAGER.OBJ
C:\GITM\WIN7\DEBUG\TTFMANAGER.OBJ
C:\GitM\Win7\Debug\vc100.idb
C:\GITM\WIN7\DEBUG\VC100.PDB
C:\GITM\WIN7\DEBUG\VECTOR2.OBJ
C:\GITM\WIN7\DEBUG\VECTOR3.OBJ
C:\GITM\WIN7\DEBUG\VECTOR4.OBJ
C:\GITM\WIN7\DEBUG\VIEWPORT.OBJ
C:\GITM\WIN7\DEBUG\WINDOW.OBJ
C:\GITM\WIN7\DEBUG\WINDOWLISTENER.OBJ
C:\GITM\WIN7\DEBUG\WORLD.OBJ
C:\GITM\WIN7\DEBUG\WORLDMANAGER.OBJ
